[Tue Jan 09 11:39:41.196162 2024] [:notice] [pid 17344] FastCGI: process manager initialized (pid 17344)
[Tue Jan 09 11:39:41.198959 2024] [mpm_prefork:notice] [pid 17333] AH00163: Apache/2.4.54 (Unix) OpenSSL/1.0.2u PHP/7.4.33 mod_wsgi/3.5 Python/2.7.18 mod_fastcgi/mod_fastcgi-SNAP-0910052141 mod_perl/2.0.11 Perl/v5.30.1 configured -- resuming normal operations
[Tue Jan 09 11:39:41.199367 2024] [core:notice] [pid 17333] AH00094: Command line: '/Applications/MAMP/Library/bin/httpd'
[Tue Jan 09 11:40:59.826306 2024] [mpm_prefork:notice] [pid 17333] AH00169: caught SIGTERM, shutting down
[Tue Jan 09 11:41:31.597333 2024] [:notice] [pid 18061] FastCGI: process manager initialized (pid 18061)
[Tue Jan 09 11:41:31.598877 2024] [mpm_prefork:notice] [pid 18058] AH00163: Apache/2.4.54 (Unix) OpenSSL/1.0.2u PHP/7.4.33 mod_wsgi/3.5 Python/2.7.18 mod_fastcgi/mod_fastcgi-SNAP-0910052141 mod_perl/2.0.11 Perl/v5.30.1 configured -- resuming normal operations
[Tue Jan 09 11:41:31.599118 2024] [core:notice] [pid 18058] AH00094: Command line: '/Applications/MAMP/Library/bin/httpd'
[Tue Jan 09 11:42:44.882783 2024] [mpm_prefork:notice] [pid 18058] AH00169: caught SIGTERM, shutting down
[Tue Jan 09 11:42:51.796056 2024] [:notice] [pid 18753] FastCGI: process manager initialized (pid 18753)
[Tue Jan 09 11:42:51.798108 2024] [mpm_prefork:notice] [pid 18748] AH00163: Apache/2.4.54 (Unix) OpenSSL/1.0.2u PHP/7.4.33 mod_wsgi/3.5 Python/2.7.18 mod_fastcgi/mod_fastcgi-SNAP-0910052141 mod_perl/2.0.11 Perl/v5.30.1 configured -- resuming normal operations
[Tue Jan 09 11:42:51.798424 2024] [core:notice] [pid 18748] AH00094: Command line: '/Applications/MAMP/Library/bin/httpd'
[Tue Jan 09 11:42:55.530724 2024] [authz_core:error] [pid 18754] [client ::1:64230] AH01630: client denied by server configuration: /Applications/MAMP/htdocs/.DS_Store, referer: http://localhost:8888/MAMP/?language=English
[Tue Jan 09 11:43:10.372962 2024] [authz_core:error] [pid 18755] [client ::1:64235] AH01630: client denied by server configuration: /Applications/MAMP/htdocs/.DS_Store
[Tue Jan 09 11:44:34.585298 2024] [mpm_prefork:notice] [pid 18748] AH00169: caught SIGTERM, shutting down
[Tue Jan 09 11:46:07.578751 2024] [:notice] [pid 21734] FastCGI: process manager initialized (pid 21734)
[Tue Jan 09 11:46:07.581898 2024] [mpm_prefork:notice] [pid 21729] AH00163: Apache/2.4.54 (Unix) OpenSSL/1.0.2u PHP/7.4.33 mod_wsgi/3.5 Python/2.7.18 mod_fastcgi/mod_fastcgi-SNAP-0910052141 mod_perl/2.0.11 Perl/v5.30.1 configured -- resuming normal operations
[Tue Jan 09 11:46:07.582306 2024] [core:notice] [pid 21729] AH00094: Command line: '/Applications/MAMP/Library/bin/httpd'
[Tue Jan 09 11:46:14.986540 2024] [authz_core:error] [pid 21738] [client ::1:64279] AH01630: client denied by server configuration: /Applications/MAMP/htdocs/.DS_Store, referer: http://localhost:8888/MAMP/?language=English
[Tue Jan 09 11:49:36.055937 2024] [authz_core:error] [pid 21735] [client ::1:64357] AH01630: client denied by server configuration: /Applications/MAMP/htdocs/.DS_Store, referer: http://localhost:8888/MAMP/?language=English
[Tue Jan 09 11:50:27.377820 2024] [authz_core:error] [pid 21739] [client ::1:64371] AH01630: client denied by server configuration: /Applications/MAMP/htdocs/.DS_Store
