[09-Jan-2024 11:00:28 UTC] PHP Notice:  Undefined variable: conn in /Applications/MAMP/htdocs/B1PHPEval/ex3.php on line 81
[09-Jan-2024 11:00:28 UTC] PHP Fatal error:  Uncaught Error: Call to a member function query() on null in /Applications/MAMP/htdocs/B1PHPEval/ex3.php:81
Stack trace:
#0 {main}
  thrown in /Applications/MAMP/htdocs/B1PHPEval/ex3.php on line 81
[09-Jan-2024 11:00:29 UTC] PHP Notice:  Undefined variable: conn in /Applications/MAMP/htdocs/B1PHPEval/ex3.php on line 81
[09-Jan-2024 11:00:29 UTC] PHP Fatal error:  Uncaught Error: Call to a member function query() on null in /Applications/MAMP/htdocs/B1PHPEval/ex3.php:81
Stack trace:
#0 {main}
  thrown in /Applications/MAMP/htdocs/B1PHPEval/ex3.php on line 81
[09-Jan-2024 11:00:34 UTC] PHP Notice:  Undefined variable: conn in /Applications/MAMP/htdocs/B1PHPEval/ex3.php on line 81
[09-Jan-2024 11:00:34 UTC] PHP Fatal error:  Uncaught Error: Call to a member function query() on null in /Applications/MAMP/htdocs/B1PHPEval/ex3.php:81
Stack trace:
#0 {main}
  thrown in /Applications/MAMP/htdocs/B1PHPEval/ex3.php on line 81
[09-Jan-2024 11:01:57 UTC] PHP Notice:  Undefined variable: conn in /Applications/MAMP/htdocs/B1PHPEval/ex3.php on line 83
[09-Jan-2024 11:01:57 UTC] PHP Fatal error:  Uncaught Error: Call to a member function query() on null in /Applications/MAMP/htdocs/B1PHPEval/ex3.php:83
Stack trace:
#0 {main}
  thrown in /Applications/MAMP/htdocs/B1PHPEval/ex3.php on line 83
[09-Jan-2024 11:02:05 UTC] PHP Notice:  Undefined variable: conn in /Applications/MAMP/htdocs/B1PHPEval/ex3.php on line 83
[09-Jan-2024 11:02:05 UTC] PHP Fatal error:  Uncaught Error: Call to a member function query() on null in /Applications/MAMP/htdocs/B1PHPEval/ex3.php:83
Stack trace:
#0 {main}
  thrown in /Applications/MAMP/htdocs/B1PHPEval/ex3.php on line 83
[09-Jan-2024 11:04:04 UTC] PHP Notice:  Undefined variable: conn in /Applications/MAMP/htdocs/B1PHPEval/ex3.php on line 83
[09-Jan-2024 11:04:04 UTC] PHP Fatal error:  Uncaught Error: Call to a member function query() on null in /Applications/MAMP/htdocs/B1PHPEval/ex3.php:83
Stack trace:
#0 {main}
  thrown in /Applications/MAMP/htdocs/B1PHPEval/ex3.php on line 83
[09-Jan-2024 11:08:05 UTC] PHP Parse error:  syntax error, unexpected '' (T_ENCAPSED_AND_WHITESPACE), expecting '-' or identifier (T_STRING) or variable (T_VARIABLE) or number (T_NUM_STRING) in /Applications/MAMP/htdocs/B1PHPEval/ex3.php on line 91
[09-Jan-2024 11:08:07 UTC] PHP Parse error:  syntax error, unexpected '' (T_ENCAPSED_AND_WHITESPACE), expecting '-' or identifier (T_STRING) or variable (T_VARIABLE) or number (T_NUM_STRING) in /Applications/MAMP/htdocs/B1PHPEval/ex3.php on line 91
[09-Jan-2024 11:08:11 UTC] PHP Parse error:  syntax error, unexpected '' (T_ENCAPSED_AND_WHITESPACE), expecting '-' or identifier (T_STRING) or variable (T_VARIABLE) or number (T_NUM_STRING) in /Applications/MAMP/htdocs/B1PHPEval/ex3.php on line 91
[09-Jan-2024 11:09:28 UTC] PHP Parse error:  syntax error, unexpected '' (T_ENCAPSED_AND_WHITESPACE), expecting '-' or identifier (T_STRING) or variable (T_VARIABLE) or number (T_NUM_STRING) in /Applications/MAMP/htdocs/B1PHPEval/ex3.php on line 91
[09-Jan-2024 11:09:34 UTC] PHP Parse error:  syntax error, unexpected '' (T_ENCAPSED_AND_WHITESPACE), expecting '-' or identifier (T_STRING) or variable (T_VARIABLE) or number (T_NUM_STRING) in /Applications/MAMP/htdocs/B1PHPEval/ex3.php on line 91
[09-Jan-2024 11:09:35 UTC] PHP Parse error:  syntax error, unexpected '' (T_ENCAPSED_AND_WHITESPACE), expecting '-' or identifier (T_STRING) or variable (T_VARIABLE) or number (T_NUM_STRING) in /Applications/MAMP/htdocs/B1PHPEval/ex3.php on line 91
[09-Jan-2024 11:09:36 UTC] PHP Parse error:  syntax error, unexpected '' (T_ENCAPSED_AND_WHITESPACE), expecting '-' or identifier (T_STRING) or variable (T_VARIABLE) or number (T_NUM_STRING) in /Applications/MAMP/htdocs/B1PHPEval/ex3.php on line 91
[09-Jan-2024 11:09:40 UTC] PHP Parse error:  syntax error, unexpected '' (T_ENCAPSED_AND_WHITESPACE), expecting '-' or identifier (T_STRING) or variable (T_VARIABLE) or number (T_NUM_STRING) in /Applications/MAMP/htdocs/B1PHPEval/ex3.php on line 91
[09-Jan-2024 11:09:44 UTC] PHP Parse error:  syntax error, unexpected '' (T_ENCAPSED_AND_WHITESPACE), expecting '-' or identifier (T_STRING) or variable (T_VARIABLE) or number (T_NUM_STRING) in /Applications/MAMP/htdocs/B1PHPEval/ex3.php on line 91
[09-Jan-2024 11:09:47 UTC] PHP Parse error:  syntax error, unexpected '' (T_ENCAPSED_AND_WHITESPACE), expecting '-' or identifier (T_STRING) or variable (T_VARIABLE) or number (T_NUM_STRING) in /Applications/MAMP/htdocs/B1PHPEval/ex3.php on line 91
[09-Jan-2024 11:10:00 UTC] PHP Parse error:  syntax error, unexpected '' (T_ENCAPSED_AND_WHITESPACE), expecting '-' or identifier (T_STRING) or variable (T_VARIABLE) or number (T_NUM_STRING) in /Applications/MAMP/htdocs/B1PHPEval/ex3.php on line 91
[09-Jan-2024 11:12:41 UTC] PHP Parse error:  syntax error, unexpected '' (T_ENCAPSED_AND_WHITESPACE), expecting '-' or identifier (T_STRING) or variable (T_VARIABLE) or number (T_NUM_STRING) in /Applications/MAMP/htdocs/B1PHPEval/ex3.php on line 94
[14-Jan-2024 12:37:59 UTC] PHP Warning:  include(../php/tarif.php): failed to open stream: No such file or directory in /Applications/MAMP/htdocs/PicassoWebUI/html/tarifpage.php on line 45
[14-Jan-2024 12:37:59 UTC] PHP Warning:  include(): Failed opening '../php/tarif.php' for inclusion (include_path='.:/Applications/MAMP/bin/php/php7.4.33/lib/php') in /Applications/MAMP/htdocs/PicassoWebUI/html/tarifpage.php on line 45
[14-Jan-2024 12:38:41 UTC] PHP Warning:  include(../php/tarif.php): failed to open stream: No such file or directory in /Applications/MAMP/htdocs/PicassoWebUI/html/tarifpage.php on line 45
[14-Jan-2024 12:38:41 UTC] PHP Warning:  include(): Failed opening '../php/tarif.php' for inclusion (include_path='.:/Applications/MAMP/bin/php/php7.4.33/lib/php') in /Applications/MAMP/htdocs/PicassoWebUI/html/tarifpage.php on line 45
[14-Jan-2024 12:38:44 UTC] PHP Warning:  include(../php/tarif.php): failed to open stream: No such file or directory in /Applications/MAMP/htdocs/PicassoWebUI/html/tarifpage.php on line 45
[14-Jan-2024 12:38:44 UTC] PHP Warning:  include(): Failed opening '../php/tarif.php' for inclusion (include_path='.:/Applications/MAMP/bin/php/php7.4.33/lib/php') in /Applications/MAMP/htdocs/PicassoWebUI/html/tarifpage.php on line 45
[14-Jan-2024 12:39:16 UTC] PHP Warning:  include(../php/tarif.php): failed to open stream: No such file or directory in /Applications/MAMP/htdocs/PicassoWebUI/html/tarifpage.php on line 45
[14-Jan-2024 12:39:16 UTC] PHP Warning:  include(): Failed opening '../php/tarif.php' for inclusion (include_path='.:/Applications/MAMP/bin/php/php7.4.33/lib/php') in /Applications/MAMP/htdocs/PicassoWebUI/html/tarifpage.php on line 45
[14-Jan-2024 12:39:33 UTC] PHP Warning:  include(../php/tarif.php): failed to open stream: No such file or directory in /Applications/MAMP/htdocs/PicassoWebUI/html/tarifpage.php on line 45
[14-Jan-2024 12:39:33 UTC] PHP Warning:  include(): Failed opening '../php/tarif.php' for inclusion (include_path='.:/Applications/MAMP/bin/php/php7.4.33/lib/php') in /Applications/MAMP/htdocs/PicassoWebUI/html/tarifpage.php on line 45
[14-Jan-2024 12:39:34 UTC] PHP Warning:  include(../php/tarif.php): failed to open stream: No such file or directory in /Applications/MAMP/htdocs/PicassoWebUI/html/tarifpage.php on line 45
[14-Jan-2024 12:39:34 UTC] PHP Warning:  include(): Failed opening '../php/tarif.php' for inclusion (include_path='.:/Applications/MAMP/bin/php/php7.4.33/lib/php') in /Applications/MAMP/htdocs/PicassoWebUI/html/tarifpage.php on line 45
[14-Jan-2024 12:39:34 UTC] PHP Warning:  include(../php/tarif.php): failed to open stream: No such file or directory in /Applications/MAMP/htdocs/PicassoWebUI/html/tarifpage.php on line 45
[14-Jan-2024 12:39:34 UTC] PHP Warning:  include(): Failed opening '../php/tarif.php' for inclusion (include_path='.:/Applications/MAMP/bin/php/php7.4.33/lib/php') in /Applications/MAMP/htdocs/PicassoWebUI/html/tarifpage.php on line 45
[14-Jan-2024 12:41:22 UTC] PHP Warning:  include(../php/tarif.php): failed to open stream: No such file or directory in /Applications/MAMP/htdocs/PicassoWebUI/html/tarifpage.php on line 45
[14-Jan-2024 12:41:22 UTC] PHP Warning:  include(): Failed opening '../php/tarif.php' for inclusion (include_path='.:/Applications/MAMP/bin/php/php7.4.33/lib/php') in /Applications/MAMP/htdocs/PicassoWebUI/html/tarifpage.php on line 45
[14-Jan-2024 12:41:24 UTC] PHP Warning:  include(../php/tarif.php): failed to open stream: No such file or directory in /Applications/MAMP/htdocs/PicassoWebUI/html/tarifpage.php on line 45
[14-Jan-2024 12:41:24 UTC] PHP Warning:  include(): Failed opening '../php/tarif.php' for inclusion (include_path='.:/Applications/MAMP/bin/php/php7.4.33/lib/php') in /Applications/MAMP/htdocs/PicassoWebUI/html/tarifpage.php on line 45
[14-Jan-2024 12:41:37 UTC] PHP Warning:  include(../php/tarif.php): failed to open stream: No such file or directory in /Applications/MAMP/htdocs/PicassoWebUI/html/tarifpage.php on line 45
[14-Jan-2024 12:41:37 UTC] PHP Warning:  include(): Failed opening '../php/tarif.php' for inclusion (include_path='.:/Applications/MAMP/bin/php/php7.4.33/lib/php') in /Applications/MAMP/htdocs/PicassoWebUI/html/tarifpage.php on line 45
[14-Jan-2024 12:41:38 UTC] PHP Warning:  include(../php/tarif.php): failed to open stream: No such file or directory in /Applications/MAMP/htdocs/PicassoWebUI/html/tarifpage.php on line 45
[14-Jan-2024 12:41:38 UTC] PHP Warning:  include(): Failed opening '../php/tarif.php' for inclusion (include_path='.:/Applications/MAMP/bin/php/php7.4.33/lib/php') in /Applications/MAMP/htdocs/PicassoWebUI/html/tarifpage.php on line 45
[16-Jan-2024 08:35:42 UTC] PHP Parse error:  syntax error, unexpected '$_GET' (T_VARIABLE), expecting '(' in /Applications/MAMP/htdocs/B1PHPEvalCorrect/ex1.php on line 53
[16-Jan-2024 08:35:45 UTC] PHP Parse error:  syntax error, unexpected '$_GET' (T_VARIABLE), expecting '(' in /Applications/MAMP/htdocs/B1PHPEvalCorrect/ex1.php on line 53
[16-Jan-2024 08:35:56 UTC] PHP Notice:  Undefined variable: playerName in /Applications/MAMP/htdocs/B1PHPEvalCorrect/ex2.php on line 89
[16-Jan-2024 08:35:56 UTC] PHP Notice:  Undefined variable: score in /Applications/MAMP/htdocs/B1PHPEvalCorrect/ex2.php on line 90
[16-Jan-2024 08:35:57 UTC] PHP Parse error:  syntax error, unexpected '$_GET' (T_VARIABLE), expecting '(' in /Applications/MAMP/htdocs/B1PHPEvalCorrect/ex1.php on line 53
[16-Jan-2024 08:36:11 UTC] PHP Parse error:  syntax error, unexpected '$_GET' (T_VARIABLE), expecting '(' in /Applications/MAMP/htdocs/B1PHPEvalCorrect/ex1.php on line 53
[16-Jan-2024 08:37:47 UTC] PHP Parse error:  syntax error, unexpected '>' in /Applications/MAMP/htdocs/B1PHPEvalCorrect/ex1.php on line 57
[16-Jan-2024 08:37:49 UTC] PHP Notice:  Undefined variable: playerName in /Applications/MAMP/htdocs/B1PHPEvalCorrect/ex2.php on line 89
[16-Jan-2024 08:37:49 UTC] PHP Notice:  Undefined variable: score in /Applications/MAMP/htdocs/B1PHPEvalCorrect/ex2.php on line 90
[16-Jan-2024 08:37:49 UTC] PHP Parse error:  syntax error, unexpected '>' in /Applications/MAMP/htdocs/B1PHPEvalCorrect/ex1.php on line 57
[16-Jan-2024 09:19:20 UTC] PHP Parse error:  syntax error, unexpected end of file in /Applications/MAMP/htdocs/B1PHPEvalCorrect/ex1.php on line 85
[16-Jan-2024 10:30:15 UTC] PHP Notice:  Undefined variable: playerName in /Applications/MAMP/htdocs/B1PHPEvalCorrect/ex2.php on line 89
[16-Jan-2024 10:30:15 UTC] PHP Notice:  Undefined variable: score in /Applications/MAMP/htdocs/B1PHPEvalCorrect/ex2.php on line 90
[16-Jan-2024 10:30:17 UTC] PHP Notice:  Undefined variable: playerName in /Applications/MAMP/htdocs/B1PHPEvalCorrect/ex2.php on line 89
[16-Jan-2024 10:30:17 UTC] PHP Notice:  Undefined variable: score in /Applications/MAMP/htdocs/B1PHPEvalCorrect/ex2.php on line 90
